2022-04-04 14:20:52 [main] DEBUG AnnotationConfigApplicationContext:629 - Refreshing org.springframework.context.annotation.AnnotationConfigApplicationContext@3cebbb30
2022-04-04 14:20:52 [main] DEBUG DefaultListableBeanFactory:225 - Creating shared instance of singleton bean 'org.springframework.context.annotation.internalConfigurationAnnotationProcessor'
2022-04-04 14:20:52 [main] DEBUG ClassPathBeanDefinitionScanner:435 - Identified candidate component class: file [D:\WorkSpace\JavaCore\JavaEE\Spring\target\classes\com\aleecoder\jdbc\dao\impl\AccountDaoImpl.class]
2022-04-04 14:20:52 [main] DEBUG ClassPathBeanDefinitionScanner:435 - Identified candidate component class: file [D:\WorkSpace\JavaCore\JavaEE\Spring\target\classes\com\aleecoder\jdbc\dao\impl\DeptDaoImpl.class]
2022-04-04 14:20:52 [main] DEBUG ClassPathBeanDefinitionScanner:435 - Identified candidate component class: file [D:\WorkSpace\JavaCore\JavaEE\Spring\target\classes\com\aleecoder\jdbc\dao\impl\EmpDaoImpl.class]
2022-04-04 14:20:52 [main] DEBUG ClassPathBeanDefinitionScanner:435 - Identified candidate component class: file [D:\WorkSpace\JavaCore\JavaEE\Spring\target\classes\com\aleecoder\jdbc\dao\impl\UserDaoImpl.class]
2022-04-04 14:20:52 [main] DEBUG ClassPathBeanDefinitionScanner:435 - Identified candidate component class: file [D:\WorkSpace\JavaCore\JavaEE\Spring\target\classes\com\aleecoder\jdbc\service\impl\AccountServiceImpl.class]
2022-04-04 14:20:52 [main] DEBUG ClassPathBeanDefinitionScanner:435 - Identified candidate component class: file [D:\WorkSpace\JavaCore\JavaEE\Spring\target\classes\com\aleecoder\jdbc\service\impl\DeptServiceImpl.class]
2022-04-04 14:20:52 [main] DEBUG ClassPathBeanDefinitionScanner:435 - Identified candidate component class: file [D:\WorkSpace\JavaCore\JavaEE\Spring\target\classes\com\aleecoder\jdbc\service\impl\EmpServiceImpl.class]
2022-04-04 14:20:52 [main] DEBUG ClassPathBeanDefinitionScanner:435 - Identified candidate component class: file [D:\WorkSpace\JavaCore\JavaEE\Spring\target\classes\com\aleecoder\jdbc\service\impl\UserServiceImpl.class]
2022-04-04 14:20:53 [main] DEBUG DefaultListableBeanFactory:225 - Creating shared instance of singleton bean 'org.springframework.context.event.internalEventListenerProcessor'
2022-04-04 14:20:53 [main] DEBUG DefaultListableBeanFactory:225 - Creating shared instance of singleton bean 'org.springframework.context.event.internalEventListenerFactory'
2022-04-04 14:20:53 [main] DEBUG DefaultListableBeanFactory:225 - Creating shared instance of singleton bean 'org.springframework.transaction.config.internalTransactionalEventListenerFactory'
2022-04-04 14:20:53 [main] DEBUG DefaultListableBeanFactory:225 - Creating shared instance of singleton bean 'org.springframework.context.annotation.internalAutowiredAnnotationProcessor'
2022-04-04 14:20:53 [main] DEBUG DefaultListableBeanFactory:225 - Creating shared instance of singleton bean 'org.springframework.context.annotation.internalCommonAnnotationProcessor'
2022-04-04 14:20:53 [main] DEBUG DefaultListableBeanFactory:225 - Creating shared instance of singleton bean 'org.springframework.aop.config.internalAutoProxyCreator'
2022-04-04 14:20:53 [main] DEBUG DefaultListableBeanFactory:225 - Creating shared instance of singleton bean 'springConfig'
2022-04-04 14:20:53 [main] DEBUG DefaultListableBeanFactory:225 - Creating shared instance of singleton bean 'org.springframework.transaction.config.internalTransactionAdvisor'
2022-04-04 14:20:53 [main] DEBUG DefaultListableBeanFactory:225 - Creating shared instance of singleton bean 'org.springframework.transaction.annotation.ProxyTransactionManagementConfiguration'
2022-04-04 14:20:53 [main] DEBUG DefaultListableBeanFactory:225 - Creating shared instance of singleton bean 'transactionAttributeSource'
2022-04-04 14:20:53 [main] DEBUG DefaultListableBeanFactory:225 - Creating shared instance of singleton bean 'transactionInterceptor'
2022-04-04 14:20:53 [main] DEBUG DefaultListableBeanFactory:808 - Autowiring by type from bean name 'transactionInterceptor' via factory method to bean named 'transactionAttributeSource'
2022-04-04 14:20:53 [main] DEBUG DefaultListableBeanFactory:808 - Autowiring by type from bean name 'org.springframework.transaction.config.internalTransactionAdvisor' via factory method to bean named 'transactionAttributeSource'
2022-04-04 14:20:53 [main] DEBUG DefaultListableBeanFactory:808 - Autowiring by type from bean name 'org.springframework.transaction.config.internalTransactionAdvisor' via factory method to bean named 'transactionInterceptor'
2022-04-04 14:20:53 [main] DEBUG PropertySourcesPropertyResolver:115 - Found key 'jdbc_username' in PropertySource 'class path resource [jdbc.properties]' with value of type String
2022-04-04 14:20:53 [main] DEBUG PropertySourcesPropertyResolver:115 - Found key 'jdbc_password' in PropertySource 'class path resource [jdbc.properties]' with value of type String
2022-04-04 14:20:53 [main] DEBUG PropertySourcesPropertyResolver:115 - Found key 'jdbc_driver' in PropertySource 'class path resource [jdbc.properties]' with value of type String
2022-04-04 14:20:53 [main] DEBUG PropertySourcesPropertyResolver:115 - Found key 'jdbc_url' in PropertySource 'class path resource [jdbc.properties]' with value of type String
2022-04-04 14:20:53 [main] DEBUG DefaultListableBeanFactory:225 - Creating shared instance of singleton bean 'accountDaoImpl'
2022-04-04 14:20:53 [main] DEBUG DefaultListableBeanFactory:225 - Creating shared instance of singleton bean 'getJdbcTemplate'
2022-04-04 14:20:53 [main] DEBUG DefaultListableBeanFactory:225 - Creating shared instance of singleton bean 'getDruidDataSource'
2022-04-04 14:20:53 [main] DEBUG DefaultListableBeanFactory:808 - Autowiring by type from bean name 'getJdbcTemplate' via factory method to bean named 'getDruidDataSource'
2022-04-04 14:20:53 [main] DEBUG DefaultListableBeanFactory:225 - Creating shared instance of singleton bean 'deptDaoImpl'
2022-04-04 14:20:53 [main] DEBUG DefaultListableBeanFactory:225 - Creating shared instance of singleton bean 'empDaoImpl'
2022-04-04 14:20:53 [main] DEBUG DefaultListableBeanFactory:225 - Creating shared instance of singleton bean 'userDaoImpl'
2022-04-04 14:20:53 [main] DEBUG DefaultListableBeanFactory:225 - Creating shared instance of singleton bean 'accountServiceImpl'
2022-04-04 14:20:53 [main] DEBUG DefaultListableBeanFactory:225 - Creating shared instance of singleton bean 'deptServiceImpl'
2022-04-04 14:20:53 [main] DEBUG DefaultListableBeanFactory:225 - Creating shared instance of singleton bean 'empServiceImpl'
2022-04-04 14:20:53 [main] DEBUG DefaultListableBeanFactory:225 - Creating shared instance of singleton bean 'userServiceImpl'
2022-04-04 14:20:53 [main] DEBUG DefaultListableBeanFactory:225 - Creating shared instance of singleton bean 'getPlatformTransactionManager'
2022-04-04 14:20:53 [main] DEBUG DefaultListableBeanFactory:808 - Autowiring by type from bean name 'getPlatformTransactionManager' via factory method to bean named 'getDruidDataSource'
2022-04-04 14:20:53 [main] DEBUG DataSourceTransactionManager:370 - Creating new transaction with name [com.aleecoder.jdbc.service.impl.AccountServiceImpl.transMoney]: PROPAGATION_REQUIRED,ISOLATION_DEFAULT
2022-04-04 14:20:53 [main] INFO  DruidDataSource:998 - {dataSource-1} inited
2022-04-04 14:20:53 [main] DEBUG DataSourceTransactionManager:267 - Acquired Connection [com.mysql.cj.jdbc.ConnectionImpl@46f699d5] for JDBC transaction
2022-04-04 14:20:53 [main] DEBUG DataSourceTransactionManager:285 - Switching JDBC Connection [com.mysql.cj.jdbc.ConnectionImpl@46f699d5] to manual commit
2022-04-04 14:20:53 [main] DEBUG JdbcTemplate:958 - Executing prepared SQL update
2022-04-04 14:20:53 [main] DEBUG JdbcTemplate:643 - Executing prepared SQL statement [update account set money = money + ? where aid = ?]
2022-04-04 14:20:53 [main] DEBUG JdbcTemplate:958 - Executing prepared SQL update
2022-04-04 14:20:53 [main] DEBUG JdbcTemplate:643 - Executing prepared SQL statement [update account set money = money + ? where aid = ?]
2022-04-04 14:20:53 [main] DEBUG DataSourceTransactionManager:740 - Initiating transaction commit
2022-04-04 14:20:53 [main] DEBUG DataSourceTransactionManager:330 - Committing JDBC transaction on Connection [com.mysql.cj.jdbc.ConnectionImpl@46f699d5]
2022-04-04 14:20:53 [main] DEBUG DataSourceTransactionManager:389 - Releasing JDBC Connection [com.mysql.cj.jdbc.ConnectionImpl@46f699d5] after transaction
2022-04-04 14:26:39 [main] DEBUG SpringJUnit4ClassRunner:139 - SpringJUnit4ClassRunner constructor called with [class com.aleecoder.junit5.JunitTest]
2022-04-04 14:26:39 [main] DEBUG BootstrapUtils:108 - Instantiating CacheAwareContextLoaderDelegate from class [org.springframework.test.context.cache.DefaultCacheAwareContextLoaderDelegate]
2022-04-04 14:26:39 [main] DEBUG BootstrapUtils:88 - Instantiating BootstrapContext using constructor [public org.springframework.test.context.support.DefaultBootstrapContext(java.lang.Class,org.springframework.test.context.CacheAwareContextLoaderDelegate)]
2022-04-04 14:26:39 [main] DEBUG BootstrapUtils:143 - Instantiating TestContextBootstrapper for test class [com.aleecoder.junit5.JunitTest] from class [org.springframework.test.context.support.DefaultTestContextBootstrapper]
2022-04-04 14:26:39 [main] DEBUG AbstractDelegatingSmartContextLoader:263 - Delegating to GenericXmlContextLoader to process context configuration [ContextConfigurationAttributes@273444fe declaringClass = 'com.aleecoder.junit5.JunitTest', classes = '{}', locations = '{classpath:applicationContext.xml}', inheritLocations = true, initializers = '{}', inheritInitializers = true, name = [null], contextLoaderClass = 'org.springframework.test.context.ContextLoader'].
2022-04-04 14:26:39 [main] DEBUG ActiveProfilesUtils:79 - Could not find an 'annotation declaring class' for annotation type [org.springframework.test.context.ActiveProfiles] and class [com.aleecoder.junit5.JunitTest]
2022-04-04 14:26:39 [main] DEBUG DefaultTestContextBootstrapper:124 - @TestExecutionListeners is not present for class [com.aleecoder.junit5.JunitTest]: using defaults.
2022-04-04 14:26:39 [main] INFO  DefaultTestContextBootstrapper:245 - Loaded default TestExecutionListener class names from location [META-INF/spring.factories]: [org.springframework.test.context.web.ServletTestExecutionListener, org.springframework.test.context.support.DirtiesContextBeforeModesTestExecutionListener, org.springframework.test.context.event.ApplicationEventsTestExecutionListener, org.springframework.test.context.support.DependencyInjectionTestExecutionListener, org.springframework.test.context.support.DirtiesContextTestExecutionListener, org.springframework.test.context.transaction.TransactionalTestExecutionListener, org.springframework.test.context.jdbc.SqlScriptsTestExecutionListener, org.springframework.test.context.event.EventPublishingTestExecutionListener]
2022-04-04 14:26:39 [main] DEBUG DefaultTestContextBootstrapper:189 - Skipping candidate TestExecutionListener [org.springframework.test.context.web.ServletTestExecutionListener] due to a missing dependency. Specify custom listener classes or make the default listener classes and their required dependencies available. Offending class: [javax/servlet/ServletContext]
2022-04-04 14:26:39 [main] INFO  DefaultTestContextBootstrapper:174 - Using TestExecutionListeners: [org.springframework.test.context.support.DirtiesContextBeforeModesTestExecutionListener@71687585, org.springframework.test.context.event.ApplicationEventsTestExecutionListener@1807f5a7, org.springframework.test.context.support.DependencyInjectionTestExecutionListener@1b919693, org.springframework.test.context.support.DirtiesContextTestExecutionListener@7fb4f2a9, org.springframework.test.context.transaction.TransactionalTestExecutionListener@4dc27487, org.springframework.test.context.jdbc.SqlScriptsTestExecutionListener@6a4f1a55, org.springframework.test.context.event.EventPublishingTestExecutionListener@7dfd3c81]
2022-04-04 14:26:39 [main] DEBUG ProfileValueUtils:70 - Retrieved @ProfileValueSourceConfiguration [null] for test class [com.aleecoder.junit5.JunitTest]
2022-04-04 14:26:39 [main] DEBUG ProfileValueUtils:83 - Retrieved ProfileValueSource type [class org.springframework.test.annotation.SystemProfileValueSource] for class [com.aleecoder.junit5.JunitTest]
2022-04-04 14:26:39 [main] DEBUG ProfileValueUtils:70 - Retrieved @ProfileValueSourceConfiguration [null] for test class [com.aleecoder.junit5.JunitTest]
2022-04-04 14:26:39 [main] DEBUG ProfileValueUtils:83 - Retrieved ProfileValueSource type [class org.springframework.test.annotation.SystemProfileValueSource] for class [com.aleecoder.junit5.JunitTest]
2022-04-04 14:26:39 [main] DEBUG ProfileValueUtils:70 - Retrieved @ProfileValueSourceConfiguration [null] for test class [com.aleecoder.junit5.JunitTest]
2022-04-04 14:26:39 [main] DEBUG ProfileValueUtils:83 - Retrieved ProfileValueSource type [class org.springframework.test.annotation.SystemProfileValueSource] for class [com.aleecoder.junit5.JunitTest]
2022-04-04 14:26:39 [main] DEBUG ProfileValueUtils:70 - Retrieved @ProfileValueSourceConfiguration [null] for test class [com.aleecoder.junit5.JunitTest]
2022-04-04 14:26:39 [main] DEBUG ProfileValueUtils:83 - Retrieved ProfileValueSource type [class org.springframework.test.annotation.SystemProfileValueSource] for class [com.aleecoder.junit5.JunitTest]
2022-04-04 14:26:39 [main] DEBUG ProfileValueUtils:70 - Retrieved @ProfileValueSourceConfiguration [null] for test class [com.aleecoder.junit5.JunitTest]
2022-04-04 14:26:39 [main] DEBUG ProfileValueUtils:83 - Retrieved ProfileValueSource type [class org.springframework.test.annotation.SystemProfileValueSource] for class [com.aleecoder.junit5.JunitTest]
2022-04-04 14:26:39 [main] DEBUG ProfileValueUtils:70 - Retrieved @ProfileValueSourceConfiguration [null] for test class [com.aleecoder.junit5.JunitTest]
2022-04-04 14:26:39 [main] DEBUG ProfileValueUtils:83 - Retrieved ProfileValueSource type [class org.springframework.test.annotation.SystemProfileValueSource] for class [com.aleecoder.junit5.JunitTest]
2022-04-04 14:26:39 [main] DEBUG AbstractDirtiesContextTestExecutionListener:143 - Before test class: context [DefaultTestContext@2fb0623e testClass = JunitTest, testInstance = [null], testMethod = [null], testException = [null], mergedContextConfiguration = [MergedContextConfiguration@49b2a47d testClass = JunitTest, locations = '{classpath:applicationContext.xml}', classes = '{}', contextInitializerClasses = '[]', activeProfiles = '{}', propertySourceLocations = '{}', propertySourceProperties = '{}', contextCustomizers = set[[empty]], contextLoader = 'org.springframework.test.context.support.DelegatingSmartContextLoader', parent = [null]], attributes = map[[empty]]], class annotated with @DirtiesContext [false] with mode [null].
2022-04-04 14:26:39 [main] DEBUG ProfileValueUtils:70 - Retrieved @ProfileValueSourceConfiguration [null] for test class [com.aleecoder.junit5.JunitTest]
2022-04-04 14:26:39 [main] DEBUG ProfileValueUtils:83 - Retrieved ProfileValueSource type [class org.springframework.test.annotation.SystemProfileValueSource] for class [com.aleecoder.junit5.JunitTest]
2022-04-04 14:26:39 [main] DEBUG DependencyInjectionTestExecutionListener:81 - Performing dependency injection for test context [[DefaultTestContext@2fb0623e testClass = JunitTest, testInstance = com.aleecoder.junit5.JunitTest@20bd8be5, testMethod = [null], testException = [null], mergedContextConfiguration = [MergedContextConfiguration@49b2a47d testClass = JunitTest, locations = '{classpath:applicationContext.xml}', classes = '{}', contextInitializerClasses = '[]', activeProfiles = '{}', propertySourceLocations = '{}', propertySourceProperties = '{}', contextCustomizers = set[[empty]], contextLoader = 'org.springframework.test.context.support.DelegatingSmartContextLoader', parent = [null]], attributes = map['org.springframework.test.context.event.ApplicationEventsTestExecutionListener.recordApplicationEvents' -> false]]].
2022-04-04 14:26:39 [main] DEBUG AbstractDelegatingSmartContextLoader:273 - Delegating to GenericXmlContextLoader to load context from [MergedContextConfiguration@49b2a47d testClass = JunitTest, locations = '{classpath:applicationContext.xml}', classes = '{}', contextInitializerClasses = '[]', activeProfiles = '{}', propertySourceLocations = '{}', propertySourceProperties = '{}', contextCustomizers = set[[empty]], contextLoader = 'org.springframework.test.context.support.DelegatingSmartContextLoader', parent = [null]].
2022-04-04 14:26:39 [main] DEBUG AbstractGenericContextLoader:107 - Loading ApplicationContext for merged context configuration [[MergedContextConfiguration@49b2a47d testClass = JunitTest, locations = '{classpath:applicationContext.xml}', classes = '{}', contextInitializerClasses = '[]', activeProfiles = '{}', propertySourceLocations = '{}', propertySourceProperties = '{}', contextCustomizers = set[[empty]], contextLoader = 'org.springframework.test.context.support.DelegatingSmartContextLoader', parent = [null]]].
2022-04-04 14:26:39 [main] DEBUG StandardEnvironment:302 - Activating profiles []
2022-04-04 14:26:39 [main] DEBUG ClassPathBeanDefinitionScanner:435 - Identified candidate component class: file [D:\WorkSpace\JavaCore\JavaEE\Spring\target\classes\com\aleecoder\jdbc\dao\impl\AccountDaoImpl.class]
2022-04-04 14:26:39 [main] DEBUG ClassPathBeanDefinitionScanner:435 - Identified candidate component class: file [D:\WorkSpace\JavaCore\JavaEE\Spring\target\classes\com\aleecoder\jdbc\dao\impl\DeptDaoImpl.class]
2022-04-04 14:26:39 [main] DEBUG ClassPathBeanDefinitionScanner:435 - Identified candidate component class: file [D:\WorkSpace\JavaCore\JavaEE\Spring\target\classes\com\aleecoder\jdbc\dao\impl\EmpDaoImpl.class]
2022-04-04 14:26:39 [main] DEBUG ClassPathBeanDefinitionScanner:435 - Identified candidate component class: file [D:\WorkSpace\JavaCore\JavaEE\Spring\target\classes\com\aleecoder\jdbc\dao\impl\UserDaoImpl.class]
2022-04-04 14:26:39 [main] DEBUG ClassPathBeanDefinitionScanner:435 - Identified candidate component class: file [D:\WorkSpace\JavaCore\JavaEE\Spring\target\classes\com\aleecoder\jdbc\service\impl\AccountServiceImpl.class]
2022-04-04 14:26:39 [main] DEBUG ClassPathBeanDefinitionScanner:435 - Identified candidate component class: file [D:\WorkSpace\JavaCore\JavaEE\Spring\target\classes\com\aleecoder\jdbc\service\impl\DeptServiceImpl.class]
2022-04-04 14:26:39 [main] DEBUG ClassPathBeanDefinitionScanner:435 - Identified candidate component class: file [D:\WorkSpace\JavaCore\JavaEE\Spring\target\classes\com\aleecoder\jdbc\service\impl\EmpServiceImpl.class]
2022-04-04 14:26:39 [main] DEBUG ClassPathBeanDefinitionScanner:435 - Identified candidate component class: file [D:\WorkSpace\JavaCore\JavaEE\Spring\target\classes\com\aleecoder\jdbc\service\impl\UserServiceImpl.class]
2022-04-04 14:26:39 [main] DEBUG XmlBeanDefinitionReader:393 - Loaded 40 bean definitions from class path resource [applicationContext.xml]
2022-04-04 14:26:39 [main] DEBUG GenericApplicationContext:629 - Refreshing org.springframework.context.support.GenericApplicationContext@4149c063
2022-04-04 14:26:39 [main] DEBUG DefaultListableBeanFactory:225 - Creating shared instance of singleton bean 'org.springframework.context.annotation.internalConfigurationAnnotationProcessor'
2022-04-04 14:26:39 [main] DEBUG DefaultListableBeanFactory:225 - Creating shared instance of singleton bean 'org.springframework.context.support.PropertySourcesPlaceholderConfigurer#0'
2022-04-04 14:26:39 [main] DEBUG DefaultListableBeanFactory:225 - Creating shared instance of singleton bean 'org.springframework.context.support.PropertySourcesPlaceholderConfigurer#1'
2022-04-04 14:26:39 [main] DEBUG PropertySourcesPropertyResolver:115 - Found key 'jdbc_username' in PropertySource 'localProperties' with value of type String
2022-04-04 14:26:39 [main] DEBUG PropertySourcesPropertyResolver:115 - Found key 'jdbc_password' in PropertySource 'localProperties' with value of type String
2022-04-04 14:26:39 [main] DEBUG PropertySourcesPropertyResolver:115 - Found key 'jdbc_url' in PropertySource 'localProperties' with value of type String
2022-04-04 14:26:39 [main] DEBUG PropertySourcesPropertyResolver:115 - Found key 'jdbc_driver' in PropertySource 'localProperties' with value of type String
2022-04-04 14:26:39 [main] DEBUG DefaultListableBeanFactory:225 - Creating shared instance of singleton bean 'org.springframework.context.event.internalEventListenerProcessor'
2022-04-04 14:26:39 [main] DEBUG DefaultListableBeanFactory:225 - Creating shared instance of singleton bean 'org.springframework.context.event.internalEventListenerFactory'
2022-04-04 14:26:39 [main] DEBUG DefaultListableBeanFactory:225 - Creating shared instance of singleton bean 'org.springframework.transaction.config.internalTransactionalEventListenerFactory'
2022-04-04 14:26:39 [main] DEBUG DefaultListableBeanFactory:225 - Creating shared instance of singleton bean 'org.springframework.context.annotation.internalAutowiredAnnotationProcessor'
2022-04-04 14:26:39 [main] DEBUG DefaultListableBeanFactory:225 - Creating shared instance of singleton bean 'org.springframework.context.annotation.internalCommonAnnotationProcessor'
2022-04-04 14:26:39 [main] DEBUG DefaultListableBeanFactory:225 - Creating shared instance of singleton bean 'org.springframework.aop.config.internalAutoProxyCreator'
2022-04-04 14:26:39 [main] DEBUG DefaultListableBeanFactory:225 - Creating shared instance of singleton bean 'empDao'
2022-04-04 14:26:39 [main] DEBUG DefaultListableBeanFactory:225 - Creating shared instance of singleton bean 'org.springframework.transaction.config.internalTransactionAdvisor'
2022-04-04 14:26:39 [main] DEBUG DefaultListableBeanFactory:225 - Creating shared instance of singleton bean 'org.springframework.transaction.annotation.AnnotationTransactionAttributeSource#0'
2022-04-04 14:26:39 [main] DEBUG DefaultListableBeanFactory:225 - Creating shared instance of singleton bean 'date'
2022-04-04 14:26:39 [main] DEBUG DefaultListableBeanFactory:225 - Creating shared instance of singleton bean 'mouse'
2022-04-04 14:26:39 [main] DEBUG DefaultListableBeanFactory:225 - Creating shared instance of singleton bean 'cat'
2022-04-04 14:26:39 [main] DEBUG DefaultListableBeanFactory:225 - Creating shared instance of singleton bean 'bookLists'
2022-04-04 14:26:39 [main] DEBUG DefaultListableBeanFactory:225 - Creating shared instance of singleton bean 'bookList'
2022-04-04 14:26:39 [main] DEBUG DefaultListableBeanFactory:225 - Creating shared instance of singleton bean 'bookSet'
2022-04-04 14:26:39 [main] DEBUG DefaultListableBeanFactory:225 - Creating shared instance of singleton bean 'bookMap'
2022-04-04 14:26:39 [main] DEBUG DefaultListableBeanFactory:225 - Creating shared instance of singleton bean 'student'
2022-04-04 14:26:39 [main] DEBUG DefaultListableBeanFactory:225 - Creating shared instance of singleton bean 'bookFactory'
2022-04-04 14:26:39 [main] DEBUG DefaultListableBeanFactory:225 - Creating shared instance of singleton bean 'dept'
2022-04-04 14:26:39 [main] DEBUG DefaultListableBeanFactory:225 - Creating shared instance of singleton bean 'emp'
2022-04-04 14:26:39 [main] DEBUG DefaultListableBeanFactory:225 - Creating shared instance of singleton bean 'dataSource'
2022-04-04 14:26:39 [main] DEBUG DefaultListableBeanFactory:225 - Creating shared instance of singleton bean 'accountDaoImpl'
2022-04-04 14:26:39 [main] DEBUG DefaultListableBeanFactory:225 - Creating shared instance of singleton bean 'jdbcTemplate'
2022-04-04 14:26:39 [main] DEBUG DefaultListableBeanFactory:225 - Creating shared instance of singleton bean 'deptDaoImpl'
2022-04-04 14:26:39 [main] DEBUG DefaultListableBeanFactory:225 - Creating shared instance of singleton bean 'empDaoImpl'
2022-04-04 14:26:39 [main] DEBUG DefaultListableBeanFactory:225 - Creating shared instance of singleton bean 'userDaoImpl'
2022-04-04 14:26:39 [main] DEBUG DefaultListableBeanFactory:225 - Creating shared instance of singleton bean 'accountServiceImpl'
2022-04-04 14:26:39 [main] DEBUG DefaultListableBeanFactory:225 - Creating shared instance of singleton bean 'org.springframework.transaction.interceptor.TransactionInterceptor#0'
2022-04-04 14:26:39 [main] DEBUG DefaultListableBeanFactory:225 - Creating shared instance of singleton bean 'deptServiceImpl'
2022-04-04 14:26:39 [main] DEBUG DefaultListableBeanFactory:225 - Creating shared instance of singleton bean 'empServiceImpl'
2022-04-04 14:26:39 [main] DEBUG DefaultListableBeanFactory:225 - Creating shared instance of singleton bean 'userServiceImpl'
2022-04-04 14:26:39 [main] DEBUG DefaultListableBeanFactory:225 - Creating shared instance of singleton bean 'transactionManager'
2022-04-04 14:26:39 [main] DEBUG DefaultCacheAwareContextLoaderDelegate:126 - Storing ApplicationContext [1095352419] in cache under key [[MergedContextConfiguration@49b2a47d testClass = JunitTest, locations = '{classpath:applicationContext.xml}', classes = '{}', contextInitializerClasses = '[]', activeProfiles = '{}', propertySourceLocations = '{}', propertySourceProperties = '{}', contextCustomizers = set[[empty]], contextLoader = 'org.springframework.test.context.support.DelegatingSmartContextLoader', parent = [null]]]
2022-04-04 14:26:39 [main] DEBUG cache:290 - Spring test ApplicationContext cache statistics: [DefaultContextCache@7829b776 size = 1, maxSize = 32, parentContextCount = 0, hitCount = 0, missCount = 1]
2022-04-04 14:26:39 [main] DEBUG DefaultCacheAwareContextLoaderDelegate:137 - Retrieved ApplicationContext [1095352419] from cache with key [[MergedContextConfiguration@49b2a47d testClass = JunitTest, locations = '{classpath:applicationContext.xml}', classes = '{}', contextInitializerClasses = '[]', activeProfiles = '{}', propertySourceLocations = '{}', propertySourceProperties = '{}', contextCustomizers = set[[empty]], contextLoader = 'org.springframework.test.context.support.DelegatingSmartContextLoader', parent = [null]]]
2022-04-04 14:26:39 [main] DEBUG cache:290 - Spring test ApplicationContext cache statistics: [DefaultContextCache@7829b776 size = 1, maxSize = 32, parentContextCount = 0, hitCount = 1, missCount = 1]
2022-04-04 14:26:39 [main] DEBUG AbstractDirtiesContextTestExecutionListener:108 - Before test method: context [DefaultTestContext@2fb0623e testClass = JunitTest, testInstance = com.aleecoder.junit5.JunitTest@20bd8be5, testMethod = transaction@JunitTest, testException = [null], mergedContextConfiguration = [MergedContextConfiguration@49b2a47d testClass = JunitTest, locations = '{classpath:applicationContext.xml}', classes = '{}', contextInitializerClasses = '[]', activeProfiles = '{}', propertySourceLocations = '{}', propertySourceProperties = '{}', contextCustomizers = set[[empty]], contextLoader = 'org.springframework.test.context.support.DelegatingSmartContextLoader', parent = [null]], attributes = map['org.springframework.test.context.event.ApplicationEventsTestExecutionListener.recordApplicationEvents' -> false]], class annotated with @DirtiesContext [false] with mode [null], method annotated with @DirtiesContext [false] with mode [null].
2022-04-04 14:26:39 [main] DEBUG DefaultCacheAwareContextLoaderDelegate:137 - Retrieved ApplicationContext [1095352419] from cache with key [[MergedContextConfiguration@49b2a47d testClass = JunitTest, locations = '{classpath:applicationContext.xml}', classes = '{}', contextInitializerClasses = '[]', activeProfiles = '{}', propertySourceLocations = '{}', propertySourceProperties = '{}', contextCustomizers = set[[empty]], contextLoader = 'org.springframework.test.context.support.DelegatingSmartContextLoader', parent = [null]]]
2022-04-04 14:26:39 [main] DEBUG cache:290 - Spring test ApplicationContext cache statistics: [DefaultContextCache@7829b776 size = 1, maxSize = 32, parentContextCount = 0, hitCount = 2, missCount = 1]
2022-04-04 14:26:39 [main] DEBUG DefaultCacheAwareContextLoaderDelegate:137 - Retrieved ApplicationContext [1095352419] from cache with key [[MergedContextConfiguration@49b2a47d testClass = JunitTest, locations = '{classpath:applicationContext.xml}', classes = '{}', contextInitializerClasses = '[]', activeProfiles = '{}', propertySourceLocations = '{}', propertySourceProperties = '{}', contextCustomizers = set[[empty]], contextLoader = 'org.springframework.test.context.support.DelegatingSmartContextLoader', parent = [null]]]
2022-04-04 14:26:39 [main] DEBUG cache:290 - Spring test ApplicationContext cache statistics: [DefaultContextCache@7829b776 size = 1, maxSize = 32, parentContextCount = 0, hitCount = 3, missCount = 1]
2022-04-04 14:26:39 [main] DEBUG DataSourceTransactionManager:370 - Creating new transaction with name [com.aleecoder.jdbc.service.impl.AccountServiceImpl.transMoney]: PROPAGATION_REQUIRED,ISOLATION_DEFAULT
2022-04-04 14:26:40 [main] INFO  DruidDataSource:998 - {dataSource-1} inited
2022-04-04 14:26:40 [main] DEBUG DataSourceTransactionManager:267 - Acquired Connection [com.mysql.cj.jdbc.ConnectionImpl@3113a37] for JDBC transaction
2022-04-04 14:26:40 [main] DEBUG DataSourceTransactionManager:285 - Switching JDBC Connection [com.mysql.cj.jdbc.ConnectionImpl@3113a37] to manual commit
2022-04-04 14:26:40 [main] DEBUG JdbcTemplate:958 - Executing prepared SQL update
2022-04-04 14:26:40 [main] DEBUG JdbcTemplate:643 - Executing prepared SQL statement [update account set money = money + ? where aid = ?]
2022-04-04 14:26:40 [main] DEBUG JdbcTemplate:958 - Executing prepared SQL update
2022-04-04 14:26:40 [main] DEBUG JdbcTemplate:643 - Executing prepared SQL statement [update account set money = money + ? where aid = ?]
2022-04-04 14:26:40 [main] DEBUG DataSourceTransactionManager:740 - Initiating transaction commit
2022-04-04 14:26:40 [main] DEBUG DataSourceTransactionManager:330 - Committing JDBC transaction on Connection [com.mysql.cj.jdbc.ConnectionImpl@3113a37]
2022-04-04 14:26:40 [main] DEBUG DataSourceTransactionManager:389 - Releasing JDBC Connection [com.mysql.cj.jdbc.ConnectionImpl@3113a37] after transaction
2022-04-04 14:26:40 [main] DEBUG DefaultCacheAwareContextLoaderDelegate:137 - Retrieved ApplicationContext [1095352419] from cache with key [[MergedContextConfiguration@49b2a47d testClass = JunitTest, locations = '{classpath:applicationContext.xml}', classes = '{}', contextInitializerClasses = '[]', activeProfiles = '{}', propertySourceLocations = '{}', propertySourceProperties = '{}', contextCustomizers = set[[empty]], contextLoader = 'org.springframework.test.context.support.DelegatingSmartContextLoader', parent = [null]]]
2022-04-04 14:26:40 [main] DEBUG cache:290 - Spring test ApplicationContext cache statistics: [DefaultContextCache@7829b776 size = 1, maxSize = 32, parentContextCount = 0, hitCount = 4, missCount = 1]
2022-04-04 14:26:40 [main] DEBUG DefaultCacheAwareContextLoaderDelegate:137 - Retrieved ApplicationContext [1095352419] from cache with key [[MergedContextConfiguration@49b2a47d testClass = JunitTest, locations = '{classpath:applicationContext.xml}', classes = '{}', contextInitializerClasses = '[]', activeProfiles = '{}', propertySourceLocations = '{}', propertySourceProperties = '{}', contextCustomizers = set[[empty]], contextLoader = 'org.springframework.test.context.support.DelegatingSmartContextLoader', parent = [null]]]
2022-04-04 14:26:40 [main] DEBUG cache:290 - Spring test ApplicationContext cache statistics: [DefaultContextCache@7829b776 size = 1, maxSize = 32, parentContextCount = 0, hitCount = 5, missCount = 1]
2022-04-04 14:26:40 [main] DEBUG AbstractDirtiesContextTestExecutionListener:108 - After test method: context [DefaultTestContext@2fb0623e testClass = JunitTest, testInstance = com.aleecoder.junit5.JunitTest@20bd8be5, testMethod = transaction@JunitTest, testException = [null], mergedContextConfiguration = [MergedContextConfiguration@49b2a47d testClass = JunitTest, locations = '{classpath:applicationContext.xml}', classes = '{}', contextInitializerClasses = '[]', activeProfiles = '{}', propertySourceLocations = '{}', propertySourceProperties = '{}', contextCustomizers = set[[empty]], contextLoader = 'org.springframework.test.context.support.DelegatingSmartContextLoader', parent = [null]], attributes = map['org.springframework.test.context.event.ApplicationEventsTestExecutionListener.recordApplicationEvents' -> false]], class annotated with @DirtiesContext [false] with mode [null], method annotated with @DirtiesContext [false] with mode [null].
2022-04-04 14:26:40 [main] DEBUG DefaultCacheAwareContextLoaderDelegate:137 - Retrieved ApplicationContext [1095352419] from cache with key [[MergedContextConfiguration@49b2a47d testClass = JunitTest, locations = '{classpath:applicationContext.xml}', classes = '{}', contextInitializerClasses = '[]', activeProfiles = '{}', propertySourceLocations = '{}', propertySourceProperties = '{}', contextCustomizers = set[[empty]], contextLoader = 'org.springframework.test.context.support.DelegatingSmartContextLoader', parent = [null]]]
2022-04-04 14:26:40 [main] DEBUG cache:290 - Spring test ApplicationContext cache statistics: [DefaultContextCache@7829b776 size = 1, maxSize = 32, parentContextCount = 0, hitCount = 6, missCount = 1]
2022-04-04 14:26:40 [main] DEBUG AbstractDirtiesContextTestExecutionListener:143 - After test class: context [DefaultTestContext@2fb0623e testClass = JunitTest, testInstance = [null], testMethod = [null], testException = [null], mergedContextConfiguration = [MergedContextConfiguration@49b2a47d testClass = JunitTest, locations = '{classpath:applicationContext.xml}', classes = '{}', contextInitializerClasses = '[]', activeProfiles = '{}', propertySourceLocations = '{}', propertySourceProperties = '{}', contextCustomizers = set[[empty]], contextLoader = 'org.springframework.test.context.support.DelegatingSmartContextLoader', parent = [null]], attributes = map['org.springframework.test.context.event.ApplicationEventsTestExecutionListener.recordApplicationEvents' -> false]], class annotated with @DirtiesContext [false] with mode [null].
2022-04-04 14:26:40 [SpringContextShutdownHook] DEBUG GenericApplicationContext:1049 - Closing org.springframework.context.support.GenericApplicationContext@4149c063, started on Mon Apr 04 14:26:39 CST 2022
2022-04-04 14:26:40 [SpringContextShutdownHook] INFO  DruidDataSource:2071 - {dataSource-1} closing ...
2022-04-04 14:27:05 [main] DEBUG SpringJUnit4ClassRunner:139 - SpringJUnit4ClassRunner constructor called with [class com.aleecoder.junit5.JunitTest]
2022-04-04 14:27:05 [main] DEBUG BootstrapUtils:108 - Instantiating CacheAwareContextLoaderDelegate from class [org.springframework.test.context.cache.DefaultCacheAwareContextLoaderDelegate]
2022-04-04 14:27:05 [main] DEBUG BootstrapUtils:88 - Instantiating BootstrapContext using constructor [public org.springframework.test.context.support.DefaultBootstrapContext(java.lang.Class,org.springframework.test.context.CacheAwareContextLoaderDelegate)]
2022-04-04 14:27:06 [main] DEBUG BootstrapUtils:143 - Instantiating TestContextBootstrapper for test class [com.aleecoder.junit5.JunitTest] from class [org.springframework.test.context.support.DefaultTestContextBootstrapper]
2022-04-04 14:27:06 [main] DEBUG AbstractDelegatingSmartContextLoader:263 - Delegating to GenericXmlContextLoader to process context configuration [ContextConfigurationAttributes@413d1baf declaringClass = 'com.aleecoder.junit5.JunitTest', classes = '{}', locations = '{classpath:applicationContext.xml}', inheritLocations = true, initializers = '{}', inheritInitializers = true, name = [null], contextLoaderClass = 'org.springframework.test.context.ContextLoader'].
2022-04-04 14:27:06 [main] DEBUG ActiveProfilesUtils:79 - Could not find an 'annotation declaring class' for annotation type [org.springframework.test.context.ActiveProfiles] and class [com.aleecoder.junit5.JunitTest]
2022-04-04 14:27:06 [main] DEBUG DefaultTestContextBootstrapper:124 - @TestExecutionListeners is not present for class [com.aleecoder.junit5.JunitTest]: using defaults.
2022-04-04 14:27:06 [main] INFO  DefaultTestContextBootstrapper:245 - Loaded default TestExecutionListener class names from location [META-INF/spring.factories]: [org.springframework.test.context.web.ServletTestExecutionListener, org.springframework.test.context.support.DirtiesContextBeforeModesTestExecutionListener, org.springframework.test.context.event.ApplicationEventsTestExecutionListener, org.springframework.test.context.support.DependencyInjectionTestExecutionListener, org.springframework.test.context.support.DirtiesContextTestExecutionListener, org.springframework.test.context.transaction.TransactionalTestExecutionListener, org.springframework.test.context.jdbc.SqlScriptsTestExecutionListener, org.springframework.test.context.event.EventPublishingTestExecutionListener]
2022-04-04 14:27:06 [main] DEBUG DefaultTestContextBootstrapper:189 - Skipping candidate TestExecutionListener [org.springframework.test.context.web.ServletTestExecutionListener] due to a missing dependency. Specify custom listener classes or make the default listener classes and their required dependencies available. Offending class: [javax/servlet/ServletContext]
2022-04-04 14:27:06 [main] INFO  DefaultTestContextBootstrapper:174 - Using TestExecutionListeners: [org.springframework.test.context.support.DirtiesContextBeforeModesTestExecutionListener@5c7bfdc1, org.springframework.test.context.event.ApplicationEventsTestExecutionListener@5276d6ee, org.springframework.test.context.support.DependencyInjectionTestExecutionListener@71687585, org.springframework.test.context.support.DirtiesContextTestExecutionListener@1807f5a7, org.springframework.test.context.transaction.TransactionalTestExecutionListener@1b919693, org.springframework.test.context.jdbc.SqlScriptsTestExecutionListener@7fb4f2a9, org.springframework.test.context.event.EventPublishingTestExecutionListener@4dc27487]
2022-04-04 14:27:06 [main] DEBUG ProfileValueUtils:70 - Retrieved @ProfileValueSourceConfiguration [null] for test class [com.aleecoder.junit5.JunitTest]
2022-04-04 14:27:06 [main] DEBUG ProfileValueUtils:83 - Retrieved ProfileValueSource type [class org.springframework.test.annotation.SystemProfileValueSource] for class [com.aleecoder.junit5.JunitTest]
2022-04-04 14:27:06 [main] DEBUG ProfileValueUtils:70 - Retrieved @ProfileValueSourceConfiguration [null] for test class [com.aleecoder.junit5.JunitTest]
2022-04-04 14:27:06 [main] DEBUG ProfileValueUtils:83 - Retrieved ProfileValueSource type [class org.springframework.test.annotation.SystemProfileValueSource] for class [com.aleecoder.junit5.JunitTest]
2022-04-04 14:27:06 [main] DEBUG ProfileValueUtils:70 - Retrieved @ProfileValueSourceConfiguration [null] for test class [com.aleecoder.junit5.JunitTest]
2022-04-04 14:27:06 [main] DEBUG ProfileValueUtils:83 - Retrieved ProfileValueSource type [class org.springframework.test.annotation.SystemProfileValueSource] for class [com.aleecoder.junit5.JunitTest]
2022-04-04 14:27:06 [main] DEBUG ProfileValueUtils:70 - Retrieved @ProfileValueSourceConfiguration [null] for test class [com.aleecoder.junit5.JunitTest]
2022-04-04 14:27:06 [main] DEBUG ProfileValueUtils:83 - Retrieved ProfileValueSource type [class org.springframework.test.annotation.SystemProfileValueSource] for class [com.aleecoder.junit5.JunitTest]
2022-04-04 14:27:06 [main] DEBUG ProfileValueUtils:70 - Retrieved @ProfileValueSourceConfiguration [null] for test class [com.aleecoder.junit5.JunitTest]
2022-04-04 14:27:06 [main] DEBUG ProfileValueUtils:83 - Retrieved ProfileValueSource type [class org.springframework.test.annotation.SystemProfileValueSource] for class [com.aleecoder.junit5.JunitTest]
2022-04-04 14:27:06 [main] DEBUG ProfileValueUtils:70 - Retrieved @ProfileValueSourceConfiguration [null] for test class [com.aleecoder.junit5.JunitTest]
2022-04-04 14:27:06 [main] DEBUG ProfileValueUtils:83 - Retrieved ProfileValueSource type [class org.springframework.test.annotation.SystemProfileValueSource] for class [com.aleecoder.junit5.JunitTest]
2022-04-04 14:27:06 [main] DEBUG AbstractDirtiesContextTestExecutionListener:143 - Before test class: context [DefaultTestContext@2f67a4d3 testClass = JunitTest, testInstance = [null], testMethod = [null], testException = [null], mergedContextConfiguration = [MergedContextConfiguration@5e3f861 testClass = JunitTest, locations = '{classpath:applicationContext.xml}', classes = '{}', contextInitializerClasses = '[]', activeProfiles = '{}', propertySourceLocations = '{}', propertySourceProperties = '{}', contextCustomizers = set[[empty]], contextLoader = 'org.springframework.test.context.support.DelegatingSmartContextLoader', parent = [null]], attributes = map[[empty]]], class annotated with @DirtiesContext [false] with mode [null].
2022-04-04 14:27:06 [main] DEBUG ProfileValueUtils:70 - Retrieved @ProfileValueSourceConfiguration [null] for test class [com.aleecoder.junit5.JunitTest]
2022-04-04 14:27:06 [main] DEBUG ProfileValueUtils:83 - Retrieved ProfileValueSource type [class org.springframework.test.annotation.SystemProfileValueSource] for class [com.aleecoder.junit5.JunitTest]
2022-04-04 14:27:06 [main] DEBUG DependencyInjectionTestExecutionListener:81 - Performing dependency injection for test context [[DefaultTestContext@2f67a4d3 testClass = JunitTest, testInstance = com.aleecoder.junit5.JunitTest@3b6d844d, testMethod = [null], testException = [null], mergedContextConfiguration = [MergedContextConfiguration@5e3f861 testClass = JunitTest, locations = '{classpath:applicationContext.xml}', classes = '{}', contextInitializerClasses = '[]', activeProfiles = '{}', propertySourceLocations = '{}', propertySourceProperties = '{}', contextCustomizers = set[[empty]], contextLoader = 'org.springframework.test.context.support.DelegatingSmartContextLoader', parent = [null]], attributes = map['org.springframework.test.context.event.ApplicationEventsTestExecutionListener.recordApplicationEvents' -> false]]].
2022-04-04 14:27:06 [main] DEBUG AbstractDelegatingSmartContextLoader:273 - Delegating to GenericXmlContextLoader to load context from [MergedContextConfiguration@5e3f861 testClass = JunitTest, locations = '{classpath:applicationContext.xml}', classes = '{}', contextInitializerClasses = '[]', activeProfiles = '{}', propertySourceLocations = '{}', propertySourceProperties = '{}', contextCustomizers = set[[empty]], contextLoader = 'org.springframework.test.context.support.DelegatingSmartContextLoader', parent = [null]].
2022-04-04 14:27:06 [main] DEBUG AbstractGenericContextLoader:107 - Loading ApplicationContext for merged context configuration [[MergedContextConfiguration@5e3f861 testClass = JunitTest, locations = '{classpath:applicationContext.xml}', classes = '{}', contextInitializerClasses = '[]', activeProfiles = '{}', propertySourceLocations = '{}', propertySourceProperties = '{}', contextCustomizers = set[[empty]], contextLoader = 'org.springframework.test.context.support.DelegatingSmartContextLoader', parent = [null]]].
2022-04-04 14:27:06 [main] DEBUG StandardEnvironment:302 - Activating profiles []
2022-04-04 14:27:06 [main] DEBUG ClassPathBeanDefinitionScanner:435 - Identified candidate component class: file [D:\WorkSpace\JavaCore\JavaEE\Spring\target\classes\com\aleecoder\jdbc\dao\impl\AccountDaoImpl.class]
2022-04-04 14:27:06 [main] DEBUG ClassPathBeanDefinitionScanner:435 - Identified candidate component class: file [D:\WorkSpace\JavaCore\JavaEE\Spring\target\classes\com\aleecoder\jdbc\dao\impl\DeptDaoImpl.class]
2022-04-04 14:27:06 [main] DEBUG ClassPathBeanDefinitionScanner:435 - Identified candidate component class: file [D:\WorkSpace\JavaCore\JavaEE\Spring\target\classes\com\aleecoder\jdbc\dao\impl\EmpDaoImpl.class]
2022-04-04 14:27:06 [main] DEBUG ClassPathBeanDefinitionScanner:435 - Identified candidate component class: file [D:\WorkSpace\JavaCore\JavaEE\Spring\target\classes\com\aleecoder\jdbc\dao\impl\UserDaoImpl.class]
2022-04-04 14:27:06 [main] DEBUG ClassPathBeanDefinitionScanner:435 - Identified candidate component class: file [D:\WorkSpace\JavaCore\JavaEE\Spring\target\classes\com\aleecoder\jdbc\service\impl\AccountServiceImpl.class]
2022-04-04 14:27:06 [main] DEBUG ClassPathBeanDefinitionScanner:435 - Identified candidate component class: file [D:\WorkSpace\JavaCore\JavaEE\Spring\target\classes\com\aleecoder\jdbc\service\impl\DeptServiceImpl.class]
2022-04-04 14:27:06 [main] DEBUG ClassPathBeanDefinitionScanner:435 - Identified candidate component class: file [D:\WorkSpace\JavaCore\JavaEE\Spring\target\classes\com\aleecoder\jdbc\service\impl\EmpServiceImpl.class]
2022-04-04 14:27:06 [main] DEBUG ClassPathBeanDefinitionScanner:435 - Identified candidate component class: file [D:\WorkSpace\JavaCore\JavaEE\Spring\target\classes\com\aleecoder\jdbc\service\impl\UserServiceImpl.class]
2022-04-04 14:27:06 [main] DEBUG XmlBeanDefinitionReader:393 - Loaded 40 bean definitions from class path resource [applicationContext.xml]
2022-04-04 14:27:06 [main] DEBUG GenericApplicationContext:629 - Refreshing org.springframework.context.support.GenericApplicationContext@4b86805d
2022-04-04 14:27:06 [main] DEBUG DefaultListableBeanFactory:225 - Creating shared instance of singleton bean 'org.springframework.context.annotation.internalConfigurationAnnotationProcessor'
2022-04-04 14:27:06 [main] DEBUG DefaultListableBeanFactory:225 - Creating shared instance of singleton bean 'org.springframework.context.support.PropertySourcesPlaceholderConfigurer#0'
2022-04-04 14:27:06 [main] DEBUG DefaultListableBeanFactory:225 - Creating shared instance of singleton bean 'org.springframework.context.support.PropertySourcesPlaceholderConfigurer#1'
2022-04-04 14:27:06 [main] DEBUG PropertySourcesPropertyResolver:115 - Found key 'jdbc_username' in PropertySource 'localProperties' with value of type String
2022-04-04 14:27:06 [main] DEBUG PropertySourcesPropertyResolver:115 - Found key 'jdbc_password' in PropertySource 'localProperties' with value of type String
2022-04-04 14:27:06 [main] DEBUG PropertySourcesPropertyResolver:115 - Found key 'jdbc_url' in PropertySource 'localProperties' with value of type String
2022-04-04 14:27:06 [main] DEBUG PropertySourcesPropertyResolver:115 - Found key 'jdbc_driver' in PropertySource 'localProperties' with value of type String
2022-04-04 14:27:06 [main] DEBUG DefaultListableBeanFactory:225 - Creating shared instance of singleton bean 'org.springframework.context.event.internalEventListenerProcessor'
2022-04-04 14:27:06 [main] DEBUG DefaultListableBeanFactory:225 - Creating shared instance of singleton bean 'org.springframework.context.event.internalEventListenerFactory'
2022-04-04 14:27:06 [main] DEBUG DefaultListableBeanFactory:225 - Creating shared instance of singleton bean 'org.springframework.transaction.config.internalTransactionalEventListenerFactory'
2022-04-04 14:27:06 [main] DEBUG DefaultListableBeanFactory:225 - Creating shared instance of singleton bean 'org.springframework.context.annotation.internalAutowiredAnnotationProcessor'
2022-04-04 14:27:06 [main] DEBUG DefaultListableBeanFactory:225 - Creating shared instance of singleton bean 'org.springframework.context.annotation.internalCommonAnnotationProcessor'
2022-04-04 14:27:06 [main] DEBUG DefaultListableBeanFactory:225 - Creating shared instance of singleton bean 'org.springframework.aop.config.internalAutoProxyCreator'
2022-04-04 14:27:06 [main] DEBUG DefaultListableBeanFactory:225 - Creating shared instance of singleton bean 'empDao'
2022-04-04 14:27:06 [main] DEBUG DefaultListableBeanFactory:225 - Creating shared instance of singleton bean 'org.springframework.transaction.config.internalTransactionAdvisor'
2022-04-04 14:27:06 [main] DEBUG DefaultListableBeanFactory:225 - Creating shared instance of singleton bean 'org.springframework.transaction.annotation.AnnotationTransactionAttributeSource#0'
2022-04-04 14:27:06 [main] DEBUG DefaultListableBeanFactory:225 - Creating shared instance of singleton bean 'date'
2022-04-04 14:27:06 [main] DEBUG DefaultListableBeanFactory:225 - Creating shared instance of singleton bean 'mouse'
2022-04-04 14:27:06 [main] DEBUG DefaultListableBeanFactory:225 - Creating shared instance of singleton bean 'cat'
2022-04-04 14:27:06 [main] DEBUG DefaultListableBeanFactory:225 - Creating shared instance of singleton bean 'bookLists'
2022-04-04 14:27:06 [main] DEBUG DefaultListableBeanFactory:225 - Creating shared instance of singleton bean 'bookList'
2022-04-04 14:27:06 [main] DEBUG DefaultListableBeanFactory:225 - Creating shared instance of singleton bean 'bookSet'
2022-04-04 14:27:06 [main] DEBUG DefaultListableBeanFactory:225 - Creating shared instance of singleton bean 'bookMap'
2022-04-04 14:27:06 [main] DEBUG DefaultListableBeanFactory:225 - Creating shared instance of singleton bean 'student'
2022-04-04 14:27:06 [main] DEBUG DefaultListableBeanFactory:225 - Creating shared instance of singleton bean 'bookFactory'
2022-04-04 14:27:06 [main] DEBUG DefaultListableBeanFactory:225 - Creating shared instance of singleton bean 'dept'
2022-04-04 14:27:06 [main] DEBUG DefaultListableBeanFactory:225 - Creating shared instance of singleton bean 'emp'
2022-04-04 14:27:06 [main] DEBUG DefaultListableBeanFactory:225 - Creating shared instance of singleton bean 'dataSource'
2022-04-04 14:27:06 [main] DEBUG DefaultListableBeanFactory:225 - Creating shared instance of singleton bean 'accountDaoImpl'
2022-04-04 14:27:06 [main] DEBUG DefaultListableBeanFactory:225 - Creating shared instance of singleton bean 'jdbcTemplate'
2022-04-04 14:27:06 [main] DEBUG DefaultListableBeanFactory:225 - Creating shared instance of singleton bean 'deptDaoImpl'
2022-04-04 14:27:06 [main] DEBUG DefaultListableBeanFactory:225 - Creating shared instance of singleton bean 'empDaoImpl'
2022-04-04 14:27:06 [main] DEBUG DefaultListableBeanFactory:225 - Creating shared instance of singleton bean 'userDaoImpl'
2022-04-04 14:27:06 [main] DEBUG DefaultListableBeanFactory:225 - Creating shared instance of singleton bean 'accountServiceImpl'
2022-04-04 14:27:06 [main] DEBUG DefaultListableBeanFactory:225 - Creating shared instance of singleton bean 'org.springframework.transaction.interceptor.TransactionInterceptor#0'
2022-04-04 14:27:06 [main] DEBUG DefaultListableBeanFactory:225 - Creating shared instance of singleton bean 'deptServiceImpl'
2022-04-04 14:27:06 [main] DEBUG DefaultListableBeanFactory:225 - Creating shared instance of singleton bean 'empServiceImpl'
2022-04-04 14:27:06 [main] DEBUG DefaultListableBeanFactory:225 - Creating shared instance of singleton bean 'userServiceImpl'
2022-04-04 14:27:06 [main] DEBUG DefaultListableBeanFactory:225 - Creating shared instance of singleton bean 'transactionManager'
2022-04-04 14:27:06 [main] DEBUG DefaultCacheAwareContextLoaderDelegate:126 - Storing ApplicationContext [1267105885] in cache under key [[MergedContextConfiguration@5e3f861 testClass = JunitTest, locations = '{classpath:applicationContext.xml}', classes = '{}', contextInitializerClasses = '[]', activeProfiles = '{}', propertySourceLocations = '{}', propertySourceProperties = '{}', contextCustomizers = set[[empty]], contextLoader = 'org.springframework.test.context.support.DelegatingSmartContextLoader', parent = [null]]]
2022-04-04 14:27:06 [main] DEBUG cache:290 - Spring test ApplicationContext cache statistics: [DefaultContextCache@7829b776 size = 1, maxSize = 32, parentContextCount = 0, hitCount = 0, missCount = 1]
2022-04-04 14:27:06 [main] DEBUG DefaultCacheAwareContextLoaderDelegate:137 - Retrieved ApplicationContext [1267105885] from cache with key [[MergedContextConfiguration@5e3f861 testClass = JunitTest, locations = '{classpath:applicationContext.xml}', classes = '{}', contextInitializerClasses = '[]', activeProfiles = '{}', propertySourceLocations = '{}', propertySourceProperties = '{}', contextCustomizers = set[[empty]], contextLoader = 'org.springframework.test.context.support.DelegatingSmartContextLoader', parent = [null]]]
2022-04-04 14:27:06 [main] DEBUG cache:290 - Spring test ApplicationContext cache statistics: [DefaultContextCache@7829b776 size = 1, maxSize = 32, parentContextCount = 0, hitCount = 1, missCount = 1]
2022-04-04 14:27:06 [main] DEBUG AbstractDirtiesContextTestExecutionListener:108 - Before test method: context [DefaultTestContext@2f67a4d3 testClass = JunitTest, testInstance = com.aleecoder.junit5.JunitTest@3b6d844d, testMethod = transaction@JunitTest, testException = [null], mergedContextConfiguration = [MergedContextConfiguration@5e3f861 testClass = JunitTest, locations = '{classpath:applicationContext.xml}', classes = '{}', contextInitializerClasses = '[]', activeProfiles = '{}', propertySourceLocations = '{}', propertySourceProperties = '{}', contextCustomizers = set[[empty]], contextLoader = 'org.springframework.test.context.support.DelegatingSmartContextLoader', parent = [null]], attributes = map['org.springframework.test.context.event.ApplicationEventsTestExecutionListener.recordApplicationEvents' -> false]], class annotated with @DirtiesContext [false] with mode [null], method annotated with @DirtiesContext [false] with mode [null].
2022-04-04 14:27:06 [main] DEBUG DefaultCacheAwareContextLoaderDelegate:137 - Retrieved ApplicationContext [1267105885] from cache with key [[MergedContextConfiguration@5e3f861 testClass = JunitTest, locations = '{classpath:applicationContext.xml}', classes = '{}', contextInitializerClasses = '[]', activeProfiles = '{}', propertySourceLocations = '{}', propertySourceProperties = '{}', contextCustomizers = set[[empty]], contextLoader = 'org.springframework.test.context.support.DelegatingSmartContextLoader', parent = [null]]]
2022-04-04 14:27:06 [main] DEBUG cache:290 - Spring test ApplicationContext cache statistics: [DefaultContextCache@7829b776 size = 1, maxSize = 32, parentContextCount = 0, hitCount = 2, missCount = 1]
2022-04-04 14:27:06 [main] DEBUG DefaultCacheAwareContextLoaderDelegate:137 - Retrieved ApplicationContext [1267105885] from cache with key [[MergedContextConfiguration@5e3f861 testClass = JunitTest, locations = '{classpath:applicationContext.xml}', classes = '{}', contextInitializerClasses = '[]', activeProfiles = '{}', propertySourceLocations = '{}', propertySourceProperties = '{}', contextCustomizers = set[[empty]], contextLoader = 'org.springframework.test.context.support.DelegatingSmartContextLoader', parent = [null]]]
2022-04-04 14:27:06 [main] DEBUG cache:290 - Spring test ApplicationContext cache statistics: [DefaultContextCache@7829b776 size = 1, maxSize = 32, parentContextCount = 0, hitCount = 3, missCount = 1]
2022-04-04 14:27:06 [main] DEBUG DataSourceTransactionManager:370 - Creating new transaction with name [com.aleecoder.jdbc.service.impl.AccountServiceImpl.transMoney]: PROPAGATION_REQUIRED,ISOLATION_DEFAULT
2022-04-04 14:27:07 [main] INFO  DruidDataSource:998 - {dataSource-1} inited
2022-04-04 14:27:07 [main] DEBUG DataSourceTransactionManager:267 - Acquired Connection [com.mysql.cj.jdbc.ConnectionImpl@3113a37] for JDBC transaction
2022-04-04 14:27:07 [main] DEBUG DataSourceTransactionManager:285 - Switching JDBC Connection [com.mysql.cj.jdbc.ConnectionImpl@3113a37] to manual commit
2022-04-04 14:27:07 [main] DEBUG JdbcTemplate:958 - Executing prepared SQL update
2022-04-04 14:27:07 [main] DEBUG JdbcTemplate:643 - Executing prepared SQL statement [update account set money = money + ? where aid = ?]
2022-04-04 14:27:07 [main] DEBUG JdbcTemplate:958 - Executing prepared SQL update
2022-04-04 14:27:07 [main] DEBUG JdbcTemplate:643 - Executing prepared SQL statement [update account set money = money + ? where aid = ?]
2022-04-04 14:27:07 [main] DEBUG DataSourceTransactionManager:740 - Initiating transaction commit
2022-04-04 14:27:07 [main] DEBUG DataSourceTransactionManager:330 - Committing JDBC transaction on Connection [com.mysql.cj.jdbc.ConnectionImpl@3113a37]
2022-04-04 14:27:07 [main] DEBUG DataSourceTransactionManager:389 - Releasing JDBC Connection [com.mysql.cj.jdbc.ConnectionImpl@3113a37] after transaction
2022-04-04 14:27:07 [main] DEBUG DefaultCacheAwareContextLoaderDelegate:137 - Retrieved ApplicationContext [1267105885] from cache with key [[MergedContextConfiguration@5e3f861 testClass = JunitTest, locations = '{classpath:applicationContext.xml}', classes = '{}', contextInitializerClasses = '[]', activeProfiles = '{}', propertySourceLocations = '{}', propertySourceProperties = '{}', contextCustomizers = set[[empty]], contextLoader = 'org.springframework.test.context.support.DelegatingSmartContextLoader', parent = [null]]]
2022-04-04 14:27:07 [main] DEBUG cache:290 - Spring test ApplicationContext cache statistics: [DefaultContextCache@7829b776 size = 1, maxSize = 32, parentContextCount = 0, hitCount = 4, missCount = 1]
2022-04-04 14:27:07 [main] DEBUG DefaultCacheAwareContextLoaderDelegate:137 - Retrieved ApplicationContext [1267105885] from cache with key [[MergedContextConfiguration@5e3f861 testClass = JunitTest, locations = '{classpath:applicationContext.xml}', classes = '{}', contextInitializerClasses = '[]', activeProfiles = '{}', propertySourceLocations = '{}', propertySourceProperties = '{}', contextCustomizers = set[[empty]], contextLoader = 'org.springframework.test.context.support.DelegatingSmartContextLoader', parent = [null]]]
2022-04-04 14:27:07 [main] DEBUG cache:290 - Spring test ApplicationContext cache statistics: [DefaultContextCache@7829b776 size = 1, maxSize = 32, parentContextCount = 0, hitCount = 5, missCount = 1]
2022-04-04 14:27:07 [main] DEBUG AbstractDirtiesContextTestExecutionListener:108 - After test method: context [DefaultTestContext@2f67a4d3 testClass = JunitTest, testInstance = com.aleecoder.junit5.JunitTest@3b6d844d, testMethod = transaction@JunitTest, testException = [null], mergedContextConfiguration = [MergedContextConfiguration@5e3f861 testClass = JunitTest, locations = '{classpath:applicationContext.xml}', classes = '{}', contextInitializerClasses = '[]', activeProfiles = '{}', propertySourceLocations = '{}', propertySourceProperties = '{}', contextCustomizers = set[[empty]], contextLoader = 'org.springframework.test.context.support.DelegatingSmartContextLoader', parent = [null]], attributes = map['org.springframework.test.context.event.ApplicationEventsTestExecutionListener.recordApplicationEvents' -> false]], class annotated with @DirtiesContext [false] with mode [null], method annotated with @DirtiesContext [false] with mode [null].
2022-04-04 14:27:07 [main] DEBUG DefaultCacheAwareContextLoaderDelegate:137 - Retrieved ApplicationContext [1267105885] from cache with key [[MergedContextConfiguration@5e3f861 testClass = JunitTest, locations = '{classpath:applicationContext.xml}', classes = '{}', contextInitializerClasses = '[]', activeProfiles = '{}', propertySourceLocations = '{}', propertySourceProperties = '{}', contextCustomizers = set[[empty]], contextLoader = 'org.springframework.test.context.support.DelegatingSmartContextLoader', parent = [null]]]
2022-04-04 14:27:07 [main] DEBUG cache:290 - Spring test ApplicationContext cache statistics: [DefaultContextCache@7829b776 size = 1, maxSize = 32, parentContextCount = 0, hitCount = 6, missCount = 1]
2022-04-04 14:27:07 [main] DEBUG AbstractDirtiesContextTestExecutionListener:143 - After test class: context [DefaultTestContext@2f67a4d3 testClass = JunitTest, testInstance = [null], testMethod = [null], testException = [null], mergedContextConfiguration = [MergedContextConfiguration@5e3f861 testClass = JunitTest, locations = '{classpath:applicationContext.xml}', classes = '{}', contextInitializerClasses = '[]', activeProfiles = '{}', propertySourceLocations = '{}', propertySourceProperties = '{}', contextCustomizers = set[[empty]], contextLoader = 'org.springframework.test.context.support.DelegatingSmartContextLoader', parent = [null]], attributes = map['org.springframework.test.context.event.ApplicationEventsTestExecutionListener.recordApplicationEvents' -> false]], class annotated with @DirtiesContext [false] with mode [null].
2022-04-04 14:27:07 [SpringContextShutdownHook] DEBUG GenericApplicationContext:1049 - Closing org.springframework.context.support.GenericApplicationContext@4b86805d, started on Mon Apr 04 14:27:06 CST 2022
2022-04-04 14:27:07 [SpringContextShutdownHook] INFO  DruidDataSource:2071 - {dataSource-1} closing ...
2022-04-04 14:32:45 [main] DEBUG BootstrapUtils:108 - Instantiating CacheAwareContextLoaderDelegate from class [org.springframework.test.context.cache.DefaultCacheAwareContextLoaderDelegate]
2022-04-04 14:32:45 [main] DEBUG BootstrapUtils:88 - Instantiating BootstrapContext using constructor [public org.springframework.test.context.support.DefaultBootstrapContext(java.lang.Class,org.springframework.test.context.CacheAwareContextLoaderDelegate)]
2022-04-04 14:32:45 [main] DEBUG BootstrapUtils:143 - Instantiating TestContextBootstrapper for test class [com.aleecoder.junit5.Junit5Test] from class [org.springframework.test.context.support.DefaultTestContextBootstrapper]
2022-04-04 14:32:45 [main] DEBUG AbstractDelegatingSmartContextLoader:263 - Delegating to GenericXmlContextLoader to process context configuration [ContextConfigurationAttributes@d41f816 declaringClass = 'com.aleecoder.junit5.Junit5Test', classes = '{}', locations = '{classpath:applicationContext.xml}', inheritLocations = true, initializers = '{}', inheritInitializers = true, name = [null], contextLoaderClass = 'org.springframework.test.context.ContextLoader'].
2022-04-04 14:32:45 [main] DEBUG ActiveProfilesUtils:79 - Could not find an 'annotation declaring class' for annotation type [org.springframework.test.context.ActiveProfiles] and class [com.aleecoder.junit5.Junit5Test]
2022-04-04 14:32:45 [main] DEBUG DefaultTestContextBootstrapper:124 - @TestExecutionListeners is not present for class [com.aleecoder.junit5.Junit5Test]: using defaults.
2022-04-04 14:32:45 [main] INFO  DefaultTestContextBootstrapper:245 - Loaded default TestExecutionListener class names from location [META-INF/spring.factories]: [org.springframework.test.context.web.ServletTestExecutionListener, org.springframework.test.context.support.DirtiesContextBeforeModesTestExecutionListener, org.springframework.test.context.event.ApplicationEventsTestExecutionListener, org.springframework.test.context.support.DependencyInjectionTestExecutionListener, org.springframework.test.context.support.DirtiesContextTestExecutionListener, org.springframework.test.context.transaction.TransactionalTestExecutionListener, org.springframework.test.context.jdbc.SqlScriptsTestExecutionListener, org.springframework.test.context.event.EventPublishingTestExecutionListener]
2022-04-04 14:32:45 [main] DEBUG DefaultTestContextBootstrapper:189 - Skipping candidate TestExecutionListener [org.springframework.test.context.web.ServletTestExecutionListener] due to a missing dependency. Specify custom listener classes or make the default listener classes and their required dependencies available. Offending class: [javax/servlet/ServletContext]
2022-04-04 14:32:45 [main] INFO  DefaultTestContextBootstrapper:174 - Using TestExecutionListeners: [org.springframework.test.context.support.DirtiesContextBeforeModesTestExecutionListener@6eb2384f, org.springframework.test.context.event.ApplicationEventsTestExecutionListener@3c9c0d96, org.springframework.test.context.support.DependencyInjectionTestExecutionListener@3a4621bd, org.springframework.test.context.support.DirtiesContextTestExecutionListener@31dadd46, org.springframework.test.context.transaction.TransactionalTestExecutionListener@4ed5eb72, org.springframework.test.context.jdbc.SqlScriptsTestExecutionListener@12f9af83, org.springframework.test.context.event.EventPublishingTestExecutionListener@19b93fa8]
2022-04-04 14:32:45 [main] DEBUG AbstractDirtiesContextTestExecutionListener:143 - Before test class: context [DefaultTestContext@1921ad94 testClass = Junit5Test, testInstance = [null], testMethod = [null], testException = [null], mergedContextConfiguration = [MergedContextConfiguration@ee86bcb testClass = Junit5Test, locations = '{classpath:applicationContext.xml}', classes = '{}', contextInitializerClasses = '[]', activeProfiles = '{}', propertySourceLocations = '{}', propertySourceProperties = '{}', contextCustomizers = set[[empty]], contextLoader = 'org.springframework.test.context.support.DelegatingSmartContextLoader', parent = [null]], attributes = map[[empty]]], class annotated with @DirtiesContext [false] with mode [null].
2022-04-04 14:32:45 [main] DEBUG DependencyInjectionTestExecutionListener:81 - Performing dependency injection for test context [[DefaultTestContext@1921ad94 testClass = Junit5Test, testInstance = com.aleecoder.junit5.Junit5Test@42bc14c1, testMethod = [null], testException = [null], mergedContextConfiguration = [MergedContextConfiguration@ee86bcb testClass = Junit5Test, locations = '{classpath:applicationContext.xml}', classes = '{}', contextInitializerClasses = '[]', activeProfiles = '{}', propertySourceLocations = '{}', propertySourceProperties = '{}', contextCustomizers = set[[empty]], contextLoader = 'org.springframework.test.context.support.DelegatingSmartContextLoader', parent = [null]], attributes = map['org.springframework.test.context.event.ApplicationEventsTestExecutionListener.recordApplicationEvents' -> false]]].
2022-04-04 14:32:45 [main] DEBUG AbstractDelegatingSmartContextLoader:273 - Delegating to GenericXmlContextLoader to load context from [MergedContextConfiguration@ee86bcb testClass = Junit5Test, locations = '{classpath:applicationContext.xml}', classes = '{}', contextInitializerClasses = '[]', activeProfiles = '{}', propertySourceLocations = '{}', propertySourceProperties = '{}', contextCustomizers = set[[empty]], contextLoader = 'org.springframework.test.context.support.DelegatingSmartContextLoader', parent = [null]].
2022-04-04 14:32:45 [main] DEBUG AbstractGenericContextLoader:107 - Loading ApplicationContext for merged context configuration [[MergedContextConfiguration@ee86bcb testClass = Junit5Test, locations = '{classpath:applicationContext.xml}', classes = '{}', contextInitializerClasses = '[]', activeProfiles = '{}', propertySourceLocations = '{}', propertySourceProperties = '{}', contextCustomizers = set[[empty]], contextLoader = 'org.springframework.test.context.support.DelegatingSmartContextLoader', parent = [null]]].
2022-04-04 14:32:45 [main] DEBUG StandardEnvironment:302 - Activating profiles []
2022-04-04 14:32:45 [main] DEBUG ClassPathBeanDefinitionScanner:435 - Identified candidate component class: file [D:\WorkSpace\JavaCore\JavaEE\Spring\target\classes\com\aleecoder\jdbc\dao\impl\AccountDaoImpl.class]
2022-04-04 14:32:45 [main] DEBUG ClassPathBeanDefinitionScanner:435 - Identified candidate component class: file [D:\WorkSpace\JavaCore\JavaEE\Spring\target\classes\com\aleecoder\jdbc\dao\impl\DeptDaoImpl.class]
2022-04-04 14:32:45 [main] DEBUG ClassPathBeanDefinitionScanner:435 - Identified candidate component class: file [D:\WorkSpace\JavaCore\JavaEE\Spring\target\classes\com\aleecoder\jdbc\dao\impl\EmpDaoImpl.class]
2022-04-04 14:32:45 [main] DEBUG ClassPathBeanDefinitionScanner:435 - Identified candidate component class: file [D:\WorkSpace\JavaCore\JavaEE\Spring\target\classes\com\aleecoder\jdbc\dao\impl\UserDaoImpl.class]
2022-04-04 14:32:45 [main] DEBUG ClassPathBeanDefinitionScanner:435 - Identified candidate component class: file [D:\WorkSpace\JavaCore\JavaEE\Spring\target\classes\com\aleecoder\jdbc\service\impl\AccountServiceImpl.class]
2022-04-04 14:32:45 [main] DEBUG ClassPathBeanDefinitionScanner:435 - Identified candidate component class: file [D:\WorkSpace\JavaCore\JavaEE\Spring\target\classes\com\aleecoder\jdbc\service\impl\DeptServiceImpl.class]
2022-04-04 14:32:45 [main] DEBUG ClassPathBeanDefinitionScanner:435 - Identified candidate component class: file [D:\WorkSpace\JavaCore\JavaEE\Spring\target\classes\com\aleecoder\jdbc\service\impl\EmpServiceImpl.class]
2022-04-04 14:32:45 [main] DEBUG ClassPathBeanDefinitionScanner:435 - Identified candidate component class: file [D:\WorkSpace\JavaCore\JavaEE\Spring\target\classes\com\aleecoder\jdbc\service\impl\UserServiceImpl.class]
2022-04-04 14:32:45 [main] DEBUG XmlBeanDefinitionReader:393 - Loaded 40 bean definitions from class path resource [applicationContext.xml]
2022-04-04 14:32:45 [main] DEBUG GenericApplicationContext:629 - Refreshing org.springframework.context.support.GenericApplicationContext@5d12a356
2022-04-04 14:32:45 [main] DEBUG DefaultListableBeanFactory:225 - Creating shared instance of singleton bean 'org.springframework.context.annotation.internalConfigurationAnnotationProcessor'
2022-04-04 14:32:45 [main] DEBUG DefaultListableBeanFactory:225 - Creating shared instance of singleton bean 'org.springframework.context.support.PropertySourcesPlaceholderConfigurer#0'
2022-04-04 14:32:45 [main] DEBUG DefaultListableBeanFactory:225 - Creating shared instance of singleton bean 'org.springframework.context.support.PropertySourcesPlaceholderConfigurer#1'
2022-04-04 14:32:45 [main] DEBUG PropertySourcesPropertyResolver:115 - Found key 'jdbc_username' in PropertySource 'localProperties' with value of type String
2022-04-04 14:32:45 [main] DEBUG PropertySourcesPropertyResolver:115 - Found key 'jdbc_password' in PropertySource 'localProperties' with value of type String
2022-04-04 14:32:45 [main] DEBUG PropertySourcesPropertyResolver:115 - Found key 'jdbc_url' in PropertySource 'localProperties' with value of type String
2022-04-04 14:32:45 [main] DEBUG PropertySourcesPropertyResolver:115 - Found key 'jdbc_driver' in PropertySource 'localProperties' with value of type String
2022-04-04 14:32:45 [main] DEBUG DefaultListableBeanFactory:225 - Creating shared instance of singleton bean 'org.springframework.context.event.internalEventListenerProcessor'
2022-04-04 14:32:45 [main] DEBUG DefaultListableBeanFactory:225 - Creating shared instance of singleton bean 'org.springframework.context.event.internalEventListenerFactory'
2022-04-04 14:32:45 [main] DEBUG DefaultListableBeanFactory:225 - Creating shared instance of singleton bean 'org.springframework.transaction.config.internalTransactionalEventListenerFactory'
2022-04-04 14:32:45 [main] DEBUG DefaultListableBeanFactory:225 - Creating shared instance of singleton bean 'org.springframework.context.annotation.internalAutowiredAnnotationProcessor'
2022-04-04 14:32:46 [main] DEBUG DefaultListableBeanFactory:225 - Creating shared instance of singleton bean 'org.springframework.context.annotation.internalCommonAnnotationProcessor'
2022-04-04 14:32:46 [main] DEBUG DefaultListableBeanFactory:225 - Creating shared instance of singleton bean 'org.springframework.aop.config.internalAutoProxyCreator'
2022-04-04 14:32:46 [main] DEBUG DefaultListableBeanFactory:225 - Creating shared instance of singleton bean 'empDao'
2022-04-04 14:32:46 [main] DEBUG DefaultListableBeanFactory:225 - Creating shared instance of singleton bean 'org.springframework.transaction.config.internalTransactionAdvisor'
2022-04-04 14:32:46 [main] DEBUG DefaultListableBeanFactory:225 - Creating shared instance of singleton bean 'org.springframework.transaction.annotation.AnnotationTransactionAttributeSource#0'
2022-04-04 14:32:46 [main] DEBUG DefaultListableBeanFactory:225 - Creating shared instance of singleton bean 'date'
2022-04-04 14:32:46 [main] DEBUG DefaultListableBeanFactory:225 - Creating shared instance of singleton bean 'mouse'
2022-04-04 14:32:46 [main] DEBUG DefaultListableBeanFactory:225 - Creating shared instance of singleton bean 'cat'
2022-04-04 14:32:46 [main] DEBUG DefaultListableBeanFactory:225 - Creating shared instance of singleton bean 'bookLists'
2022-04-04 14:32:46 [main] DEBUG DefaultListableBeanFactory:225 - Creating shared instance of singleton bean 'bookList'
2022-04-04 14:32:46 [main] DEBUG DefaultListableBeanFactory:225 - Creating shared instance of singleton bean 'bookSet'
2022-04-04 14:32:46 [main] DEBUG DefaultListableBeanFactory:225 - Creating shared instance of singleton bean 'bookMap'
2022-04-04 14:32:46 [main] DEBUG DefaultListableBeanFactory:225 - Creating shared instance of singleton bean 'student'
2022-04-04 14:32:46 [main] DEBUG DefaultListableBeanFactory:225 - Creating shared instance of singleton bean 'bookFactory'
2022-04-04 14:32:46 [main] DEBUG DefaultListableBeanFactory:225 - Creating shared instance of singleton bean 'dept'
2022-04-04 14:32:46 [main] DEBUG DefaultListableBeanFactory:225 - Creating shared instance of singleton bean 'emp'
2022-04-04 14:32:46 [main] DEBUG DefaultListableBeanFactory:225 - Creating shared instance of singleton bean 'dataSource'
2022-04-04 14:32:46 [main] DEBUG DefaultListableBeanFactory:225 - Creating shared instance of singleton bean 'accountDaoImpl'
2022-04-04 14:32:46 [main] DEBUG DefaultListableBeanFactory:225 - Creating shared instance of singleton bean 'jdbcTemplate'
2022-04-04 14:32:46 [main] DEBUG DefaultListableBeanFactory:225 - Creating shared instance of singleton bean 'deptDaoImpl'
2022-04-04 14:32:46 [main] DEBUG DefaultListableBeanFactory:225 - Creating shared instance of singleton bean 'empDaoImpl'
2022-04-04 14:32:46 [main] DEBUG DefaultListableBeanFactory:225 - Creating shared instance of singleton bean 'userDaoImpl'
2022-04-04 14:32:46 [main] DEBUG DefaultListableBeanFactory:225 - Creating shared instance of singleton bean 'accountServiceImpl'
2022-04-04 14:32:46 [main] DEBUG DefaultListableBeanFactory:225 - Creating shared instance of singleton bean 'org.springframework.transaction.interceptor.TransactionInterceptor#0'
2022-04-04 14:32:46 [main] DEBUG DefaultListableBeanFactory:225 - Creating shared instance of singleton bean 'deptServiceImpl'
2022-04-04 14:32:46 [main] DEBUG DefaultListableBeanFactory:225 - Creating shared instance of singleton bean 'empServiceImpl'
2022-04-04 14:32:46 [main] DEBUG DefaultListableBeanFactory:225 - Creating shared instance of singleton bean 'userServiceImpl'
2022-04-04 14:32:46 [main] DEBUG DefaultListableBeanFactory:225 - Creating shared instance of singleton bean 'transactionManager'
2022-04-04 14:32:46 [main] DEBUG DefaultCacheAwareContextLoaderDelegate:126 - Storing ApplicationContext [1561502550] in cache under key [[MergedContextConfiguration@ee86bcb testClass = Junit5Test, locations = '{classpath:applicationContext.xml}', classes = '{}', contextInitializerClasses = '[]', activeProfiles = '{}', propertySourceLocations = '{}', propertySourceProperties = '{}', contextCustomizers = set[[empty]], contextLoader = 'org.springframework.test.context.support.DelegatingSmartContextLoader', parent = [null]]]
2022-04-04 14:32:46 [main] DEBUG cache:290 - Spring test ApplicationContext cache statistics: [DefaultContextCache@3e587920 size = 1, maxSize = 32, parentContextCount = 0, hitCount = 0, missCount = 1]
2022-04-04 14:32:46 [main] DEBUG DefaultCacheAwareContextLoaderDelegate:137 - Retrieved ApplicationContext [1561502550] from cache with key [[MergedContextConfiguration@ee86bcb testClass = Junit5Test, locations = '{classpath:applicationContext.xml}', classes = '{}', contextInitializerClasses = '[]', activeProfiles = '{}', propertySourceLocations = '{}', propertySourceProperties = '{}', contextCustomizers = set[[empty]], contextLoader = 'org.springframework.test.context.support.DelegatingSmartContextLoader', parent = [null]]]
2022-04-04 14:32:46 [main] DEBUG cache:290 - Spring test ApplicationContext cache statistics: [DefaultContextCache@3e587920 size = 1, maxSize = 32, parentContextCount = 0, hitCount = 1, missCount = 1]
2022-04-04 14:32:46 [main] DEBUG AbstractDirtiesContextTestExecutionListener:108 - Before test method: context [DefaultTestContext@1921ad94 testClass = Junit5Test, testInstance = com.aleecoder.junit5.Junit5Test@42bc14c1, testMethod = transaction@Junit5Test, testException = [null], mergedContextConfiguration = [MergedContextConfiguration@ee86bcb testClass = Junit5Test, locations = '{classpath:applicationContext.xml}', classes = '{}', contextInitializerClasses = '[]', activeProfiles = '{}', propertySourceLocations = '{}', propertySourceProperties = '{}', contextCustomizers = set[[empty]], contextLoader = 'org.springframework.test.context.support.DelegatingSmartContextLoader', parent = [null]], attributes = map['org.springframework.test.context.event.ApplicationEventsTestExecutionListener.recordApplicationEvents' -> false]], class annotated with @DirtiesContext [false] with mode [null], method annotated with @DirtiesContext [false] with mode [null].
2022-04-04 14:32:46 [main] DEBUG DefaultCacheAwareContextLoaderDelegate:137 - Retrieved ApplicationContext [1561502550] from cache with key [[MergedContextConfiguration@ee86bcb testClass = Junit5Test, locations = '{classpath:applicationContext.xml}', classes = '{}', contextInitializerClasses = '[]', activeProfiles = '{}', propertySourceLocations = '{}', propertySourceProperties = '{}', contextCustomizers = set[[empty]], contextLoader = 'org.springframework.test.context.support.DelegatingSmartContextLoader', parent = [null]]]
2022-04-04 14:32:46 [main] DEBUG cache:290 - Spring test ApplicationContext cache statistics: [DefaultContextCache@3e587920 size = 1, maxSize = 32, parentContextCount = 0, hitCount = 2, missCount = 1]
2022-04-04 14:32:46 [main] DEBUG DefaultCacheAwareContextLoaderDelegate:137 - Retrieved ApplicationContext [1561502550] from cache with key [[MergedContextConfiguration@ee86bcb testClass = Junit5Test, locations = '{classpath:applicationContext.xml}', classes = '{}', contextInitializerClasses = '[]', activeProfiles = '{}', propertySourceLocations = '{}', propertySourceProperties = '{}', contextCustomizers = set[[empty]], contextLoader = 'org.springframework.test.context.support.DelegatingSmartContextLoader', parent = [null]]]
2022-04-04 14:32:46 [main] DEBUG cache:290 - Spring test ApplicationContext cache statistics: [DefaultContextCache@3e587920 size = 1, maxSize = 32, parentContextCount = 0, hitCount = 3, missCount = 1]
2022-04-04 14:32:46 [main] DEBUG DataSourceTransactionManager:370 - Creating new transaction with name [com.aleecoder.jdbc.service.impl.AccountServiceImpl.transMoney]: PROPAGATION_REQUIRED,ISOLATION_DEFAULT
2022-04-04 14:32:46 [main] INFO  DruidDataSource:998 - {dataSource-1} inited
2022-04-04 14:32:46 [main] DEBUG DataSourceTransactionManager:267 - Acquired Connection [com.mysql.cj.jdbc.ConnectionImpl@2fb5fe30] for JDBC transaction
2022-04-04 14:32:46 [main] DEBUG DataSourceTransactionManager:285 - Switching JDBC Connection [com.mysql.cj.jdbc.ConnectionImpl@2fb5fe30] to manual commit
2022-04-04 14:32:46 [main] DEBUG JdbcTemplate:958 - Executing prepared SQL update
2022-04-04 14:32:46 [main] DEBUG JdbcTemplate:643 - Executing prepared SQL statement [update account set money = money + ? where aid = ?]
2022-04-04 14:32:46 [main] DEBUG JdbcTemplate:958 - Executing prepared SQL update
2022-04-04 14:32:46 [main] DEBUG JdbcTemplate:643 - Executing prepared SQL statement [update account set money = money + ? where aid = ?]
2022-04-04 14:32:46 [main] DEBUG DataSourceTransactionManager:740 - Initiating transaction commit
2022-04-04 14:32:46 [main] DEBUG DataSourceTransactionManager:330 - Committing JDBC transaction on Connection [com.mysql.cj.jdbc.ConnectionImpl@2fb5fe30]
2022-04-04 14:32:46 [main] DEBUG DataSourceTransactionManager:389 - Releasing JDBC Connection [com.mysql.cj.jdbc.ConnectionImpl@2fb5fe30] after transaction
2022-04-04 14:32:46 [main] DEBUG DefaultCacheAwareContextLoaderDelegate:137 - Retrieved ApplicationContext [1561502550] from cache with key [[MergedContextConfiguration@ee86bcb testClass = Junit5Test, locations = '{classpath:applicationContext.xml}', classes = '{}', contextInitializerClasses = '[]', activeProfiles = '{}', propertySourceLocations = '{}', propertySourceProperties = '{}', contextCustomizers = set[[empty]], contextLoader = 'org.springframework.test.context.support.DelegatingSmartContextLoader', parent = [null]]]
2022-04-04 14:32:46 [main] DEBUG cache:290 - Spring test ApplicationContext cache statistics: [DefaultContextCache@3e587920 size = 1, maxSize = 32, parentContextCount = 0, hitCount = 4, missCount = 1]
2022-04-04 14:32:46 [main] DEBUG DefaultCacheAwareContextLoaderDelegate:137 - Retrieved ApplicationContext [1561502550] from cache with key [[MergedContextConfiguration@ee86bcb testClass = Junit5Test, locations = '{classpath:applicationContext.xml}', classes = '{}', contextInitializerClasses = '[]', activeProfiles = '{}', propertySourceLocations = '{}', propertySourceProperties = '{}', contextCustomizers = set[[empty]], contextLoader = 'org.springframework.test.context.support.DelegatingSmartContextLoader', parent = [null]]]
2022-04-04 14:32:46 [main] DEBUG cache:290 - Spring test ApplicationContext cache statistics: [DefaultContextCache@3e587920 size = 1, maxSize = 32, parentContextCount = 0, hitCount = 5, missCount = 1]
2022-04-04 14:32:46 [main] DEBUG AbstractDirtiesContextTestExecutionListener:108 - After test method: context [DefaultTestContext@1921ad94 testClass = Junit5Test, testInstance = com.aleecoder.junit5.Junit5Test@42bc14c1, testMethod = transaction@Junit5Test, testException = [null], mergedContextConfiguration = [MergedContextConfiguration@ee86bcb testClass = Junit5Test, locations = '{classpath:applicationContext.xml}', classes = '{}', contextInitializerClasses = '[]', activeProfiles = '{}', propertySourceLocations = '{}', propertySourceProperties = '{}', contextCustomizers = set[[empty]], contextLoader = 'org.springframework.test.context.support.DelegatingSmartContextLoader', parent = [null]], attributes = map['org.springframework.test.context.event.ApplicationEventsTestExecutionListener.recordApplicationEvents' -> false]], class annotated with @DirtiesContext [false] with mode [null], method annotated with @DirtiesContext [false] with mode [null].
2022-04-04 14:32:46 [main] DEBUG DefaultCacheAwareContextLoaderDelegate:137 - Retrieved ApplicationContext [1561502550] from cache with key [[MergedContextConfiguration@ee86bcb testClass = Junit5Test, locations = '{classpath:applicationContext.xml}', classes = '{}', contextInitializerClasses = '[]', activeProfiles = '{}', propertySourceLocations = '{}', propertySourceProperties = '{}', contextCustomizers = set[[empty]], contextLoader = 'org.springframework.test.context.support.DelegatingSmartContextLoader', parent = [null]]]
2022-04-04 14:32:46 [main] DEBUG cache:290 - Spring test ApplicationContext cache statistics: [DefaultContextCache@3e587920 size = 1, maxSize = 32, parentContextCount = 0, hitCount = 6, missCount = 1]
2022-04-04 14:32:46 [main] DEBUG AbstractDirtiesContextTestExecutionListener:143 - After test class: context [DefaultTestContext@1921ad94 testClass = Junit5Test, testInstance = [null], testMethod = [null], testException = [null], mergedContextConfiguration = [MergedContextConfiguration@ee86bcb testClass = Junit5Test, locations = '{classpath:applicationContext.xml}', classes = '{}', contextInitializerClasses = '[]', activeProfiles = '{}', propertySourceLocations = '{}', propertySourceProperties = '{}', contextCustomizers = set[[empty]], contextLoader = 'org.springframework.test.context.support.DelegatingSmartContextLoader', parent = [null]], attributes = map['org.springframework.test.context.event.ApplicationEventsTestExecutionListener.recordApplicationEvents' -> false]], class annotated with @DirtiesContext [false] with mode [null].
2022-04-04 14:32:46 [SpringContextShutdownHook] DEBUG GenericApplicationContext:1049 - Closing org.springframework.context.support.GenericApplicationContext@5d12a356, started on Mon Apr 04 14:32:45 CST 2022
2022-04-04 14:32:46 [SpringContextShutdownHook] INFO  DruidDataSource:2071 - {dataSource-1} closing ...
